<?xml version="1.0" encoding="UTF-8"?>
<!-- Generated by org.testng.reporters.JUnitXMLReporter -->
<testsuite ignored="0" hostname="DG" failures="0" tests="4" name="ChromeTest" time="6.214" errors="0" timestamp="2024-12-08T14:30:28 IST">
  <testcase classname="com.mystore.testcases.IndexPageTest" name="verifyLogo" time="0.0">
    <skipped/>
  </testcase> <!-- verifyLogo -->
  <testcase classname="com.mystore.testcases.IndexPageTest" name="verifyLogo" time="0.0">
    <skipped/>
  </testcase> <!-- verifyLogo -->
  <testcase classname="com.mystore.testcases.IndexPageTest" name="verifyTitle" time="0.0">
    <skipped/>
  </testcase> <!-- verifyTitle -->
  <testcase classname="com.mystore.testcases.IndexPageTest" name="verifyTitle" time="0.0">
    <skipped/>
  </testcase> <!-- verifyTitle -->
</testsuite> <!-- ChromeTest -->
