<?xml version="1.0" encoding="UTF-8"?>
<testng-results ignored="0" total="1" passed="0" failed="1" skipped="0">
  <reporter-output>
  </reporter-output>
  <suite started-at="2024-12-08T15:37:27 IST" name="Suite" finished-at="2024-12-08T15:37:37 IST" duration-ms="9237">
    <groups>
      <group name="Sanity">
        <method signature="AddToCartPageTest.addToCartTest(java.lang.String, java.lang.String, java.lang.String)[pri:0, instance:com.mystore.testcases.AddToCartPageTest@30ee2816]" name="addToCartTest" class="com.mystore.testcases.AddToCartPageTest"/>
      </group> <!-- Sanity -->
      <group name="Regression">
        <method signature="AddToCartPageTest.addToCartTest(java.lang.String, java.lang.String, java.lang.String)[pri:0, instance:com.mystore.testcases.AddToCartPageTest@30ee2816]" name="addToCartTest" class="com.mystore.testcases.AddToCartPageTest"/>
      </group> <!-- Regression -->
    </groups>
    <test started-at="2024-12-08T15:37:27 IST" name="Test_All" finished-at="2024-12-08T15:37:37 IST" duration-ms="9237">
      <class name="com.mystore.testcases.AddToCartPageTest">
        <test-method is-config="true" signature="loadConfig()[pri:0, instance:com.mystore.testcases.AddToCartPageTest@30ee2816]" started-at="2024-12-08T15:37:27 IST" name="loadConfig" finished-at="2024-12-08T15:37:27 IST" duration-ms="361" status="PASS">
          <reporter-output>
          </reporter-output>
        </test-method> <!-- loadConfig -->
        <test-method is-config="true" signature="setup(java.lang.String)[pri:0, instance:com.mystore.testcases.AddToCartPageTest@30ee2816]" started-at="2024-12-08T15:37:28 IST" name="setup" finished-at="2024-12-08T15:37:32 IST" duration-ms="3875" status="PASS">
          <params>
            <param index="0">
              <value>
                <![CDATA[Chrome]]>
              </value>
            </param>
          </params>
          <reporter-output>
          </reporter-output>
        </test-method> <!-- setup -->
        <test-method signature="addToCartTest(java.lang.String, java.lang.String, java.lang.String)[pri:0, instance:com.mystore.testcases.AddToCartPageTest@30ee2816]" started-at="2024-12-08T15:37:32 IST" name="addToCartTest" data-provider="getProduct" finished-at="2024-12-08T15:37:32 IST" duration-ms="187" status="FAIL">
          <params>
            <param index="0">
              <value>
                <![CDATA[t-shirt]]>
              </value>
            </param>
            <param index="1">
              <value>
                <![CDATA[2.0]]>
              </value>
            </param>
            <param index="2">
              <value>
                <![CDATA[M]]>
              </value>
            </param>
          </params>
          <exception class="java.lang.NullPointerException">
            <message>
              <![CDATA[Cannot invoke "org.openqa.selenium.JavascriptExecutor.executeScript(String, Object[])" because "js" is null]]>
            </message>
            <full-stacktrace>
              <![CDATA[java.lang.NullPointerException: Cannot invoke "org.openqa.selenium.JavascriptExecutor.executeScript(String, Object[])" because "js" is null
at com.mystore.actiondriver.Action.scrollByVisibilityOfElement(Action.java:41)
at com.mystore.pageobjects.IndexPage.searchProduct(IndexPage.java:50)
at com.mystore.testcases.AddToCartPageTest.addToCartTest(AddToCartPageTest.java:44)
at java.base/jdk.internal.reflect.NativeMethodAccessorImpl.invoke0(Native Method)
at java.base/jdk.internal.reflect.NativeMethodAccessorImpl.invoke(NativeMethodAccessorImpl.java:77)
at java.base/jdk.internal.reflect.DelegatingMethodAccessorImpl.invoke(DelegatingMethodAccessorImpl.java:43)
at java.base/java.lang.reflect.Method.invoke(Method.java:568)
at org.testng.internal.MethodInvocationHelper.invokeMethod(MethodInvocationHelper.java:134)
at org.testng.internal.TestInvoker.invokeMethod(TestInvoker.java:597)
at org.testng.internal.TestInvoker.invokeTestMethod(TestInvoker.java:173)
at org.testng.internal.MethodRunner.runInSequence(MethodRunner.java:46)
at org.testng.internal.TestInvoker$MethodInvocationAgent.invoke(TestInvoker.java:816)
at org.testng.internal.TestInvoker.invokeTestMethods(TestInvoker.java:146)
at org.testng.internal.TestMethodWorker.invokeTestMethods(TestMethodWorker.java:146)
at org.testng.internal.TestMethodWorker.run(TestMethodWorker.java:128)
at java.base/java.util.ArrayList.forEach(ArrayList.java:1511)
at org.testng.TestRunner.privateRun(TestRunner.java:766)
at org.testng.TestRunner.run(TestRunner.java:587)
at org.testng.SuiteRunner.runTest(SuiteRunner.java:384)
at org.testng.SuiteRunner.runSequentially(SuiteRunner.java:378)
at org.testng.SuiteRunner.privateRun(SuiteRunner.java:337)
at org.testng.SuiteRunner.run(SuiteRunner.java:286)
at org.testng.SuiteRunnerWorker.runSuite(SuiteRunnerWorker.java:53)
at org.testng.SuiteRunnerWorker.run(SuiteRunnerWorker.java:96)
at org.testng.TestNG.runSuitesSequentially(TestNG.java:1187)
at org.testng.TestNG.runSuitesLocally(TestNG.java:1109)
at org.testng.TestNG.runSuites(TestNG.java:1039)
at org.testng.TestNG.run(TestNG.java:1007)
at org.testng.remote.AbstractRemoteTestNG.run(AbstractRemoteTestNG.java:115)
at org.testng.remote.RemoteTestNG.initAndRun(RemoteTestNG.java:293)
at org.testng.remote.RemoteTestNG.main(RemoteTestNG.java:91)
]]>
            </full-stacktrace>
          </exception> <!-- java.lang.NullPointerException -->
          <reporter-output>
          </reporter-output>
        </test-method> <!-- addToCartTest -->
        <test-method is-config="true" signature="tearDown()[pri:0, instance:com.mystore.testcases.AddToCartPageTest@30ee2816]" started-at="2024-12-08T15:37:36 IST" name="tearDown" finished-at="2024-12-08T15:37:37 IST" duration-ms="347" status="PASS">
          <reporter-output>
          </reporter-output>
        </test-method> <!-- tearDown -->
        <test-method is-config="true" signature="afterSuite()[pri:0, instance:com.mystore.testcases.AddToCartPageTest@30ee2816]" started-at="2024-12-08T15:37:37 IST" name="afterSuite" finished-at="2024-12-08T15:37:37 IST" duration-ms="495" status="PASS">
          <reporter-output>
          </reporter-output>
        </test-method> <!-- afterSuite -->
      </class> <!-- com.mystore.testcases.AddToCartPageTest -->
    </test> <!-- Test_All -->
  </suite> <!-- Suite -->
</testng-results>
