<?xml version="1.0" encoding="UTF-8"?>
<!-- Generated by org.testng.reporters.JUnitXMLReporter -->
<testsuite ignored="0" hostname="DG" failures="1" tests="1" name="Test_All" time="9.237" errors="0" timestamp="2024-12-08T15:37:37 IST">
  <testcase classname="com.mystore.testcases.AddToCartPageTest" name="addToCartTest" time="0.187">
    <failure type="java.lang.NullPointerException" message="Cannot invoke &amp;quot;org.openqa.selenium.JavascriptExecutor.executeScript(String, Object[])&amp;quot; because &amp;quot;js&amp;quot; is null">
      <![CDATA[java.lang.NullPointerException: Cannot invoke "org.openqa.selenium.JavascriptExecutor.executeScript(String, Object[])" because "js" is null
at com.mystore.actiondriver.Action.scrollByVisibilityOfElement(Action.java:41)
at com.mystore.pageobjects.IndexPage.searchProduct(IndexPage.java:50)
at com.mystore.testcases.AddToCartPageTest.addToCartTest(AddToCartPageTest.java:44)
at java.base/java.util.ArrayList.forEach(ArrayList.java:1511)
... Removed 27 stack frames]]>
    </failure>
  </testcase> <!-- addToCartTest -->
</testsuite> <!-- Test_All -->
